<?xml version="1.0" encoding="UTF-8"?>
<!-- Generated by org.testng.reporters.JUnitReportReporter -->
<testsuite hostname="AUSU515" failures="0" tests="1" name="Tasks.validateWicketKeeper" time="0.013" errors="0" timestamp="2022-08-20T11:09:06 IST" skipped="0">
  <testcase classname="Tasks.validateWicketKeeper" name="ValidateWicketKeeperTest" time="0.013"/>
  <system-out>
    <![CDATA[Team has 1 wicket Keeper]]>
  </system-out>
</testsuite> <!-- Tasks.validateWicketKeeper -->
