<?xml version="1.0" encoding="UTF-8"?>
<!-- Generated by org.testng.reporters.JUnitReportReporter -->
<testsuite hostname="AUSU515" failures="0" tests="1" name="Tasks.ValidateForeignPlayers" time="0.015" errors="0" timestamp="2022-08-20T11:09:41 IST" skipped="0">
  <testcase classname="Tasks.ValidateForeignPlayers" name="validateForeignPlayersTest" time="0.015"/>
  <system-out>
    <![CDATA[Team has only 4 Foreign Players]]>
  </system-out>
</testsuite> <!-- Tasks.ValidateForeignPlayers -->
