<?xml version="1.0" encoding="UTF-8"?>
<!-- Generated by org.testng.reporters.JUnitReportReporter -->
<testsuite hostname="AUSU515" failures="0" tests="1" name="Tasks.ValidateForPlay" time="0.011" errors="0" timestamp="2022-08-20T10:11:24 IST" skipped="0">
  <testcase classname="Tasks.ValidateForPlay" name="ValidateForPlay" time="0.011"/>
  <system-out>
    <![CDATA[Team has only4Foreign Players]]>
  </system-out>
</testsuite> <!-- Tasks.ValidateForPlay -->
